[ 2016-06-21T08:41:59+08:00 ] 127.0.0.1 /mytkp/index.php/Home/Class/hebingClass
INFO: [ app_init ] --START--
INFO: Run Behavior\BuildLiteBehavior [ RunTime:0.000000s ]
INFO: [ app_init ] --END-- [ RunTime:0.005000s ]
INFO: [ app_begin ] --START--
INFO: Run Behavior\ReadHtmlCacheBehavior [ RunTime:0.002000s ]
INFO: [ app_begin ] --END-- [ RunTime:0.004001s ]
SQL: SHOW COLUMNS FROM `class` [ RunTime:0.0080s ]
SQL: SHOW COLUMNS FROM `class` [ RunTime:0.0060s ]
ERR: 1064:You have an error in your SQL syntax; check the manual that corresponds to your MySQL server version for the right syntax to use near ') )' at line 1
 [ SQL语句 ] : SELECT * FROM `class` WHERE ( cid in () ) 
SQL: select count(*) as cc  from class c,tb_user u1,tb_user u2 where c.headerid=u1.uid and c.managerid=u2.uid  [ RunTime:0.0080s ]
SQL: select c.cid,c.name,c.classtype,c.status,c.createtime,c.begintime,c.endtime,u1.trueName as headername,u2.trueName as managename,c.stucount,c.remark from class c,tb_user u1,tb_user u2 where c.headerid=u1.uid and c.managerid=u2.uid limit 0,10 [ RunTime:0.0010s ]
NOTIC: [2] Cannot modify header information - headers already sent by (output started at D:\PHP-webapp\mytkp\ThinkPHP\Library\Think\Db\Driver.class.php:170) D:\PHP-webapp\mytkp\ThinkPHP\Library\Think\Controller.class.php 第 215 行.

[ 2016-06-21T08:42:09+08:00 ] 127.0.0.1 /mytkp/index.php/Home/Class/login
INFO: [ app_init ] --START--
INFO: Run Behavior\BuildLiteBehavior [ RunTime:0.001000s ]
INFO: [ app_init ] --END-- [ RunTime:0.003000s ]
INFO: [ app_begin ] --START--
INFO: Run Behavior\ReadHtmlCacheBehavior [ RunTime:0.001000s ]
INFO: [ app_begin ] --END-- [ RunTime:0.004000s ]
SQL: SHOW COLUMNS FROM `class` [ RunTime:0.0060s ]
ERR: 非法操作:login
NOTIC: [2] Cannot modify header information - headers already sent by (output started at D:\PHP-webapp\mytkp\ThinkPHP\Library\Think\App.class.php:124) D:\PHP-webapp\mytkp\ThinkPHP\Library\Think\Think.class.php 第 229 行.
NOTIC: [2] Cannot modify header information - headers already sent by (output started at D:\PHP-webapp\mytkp\ThinkPHP\Library\Think\App.class.php:124) D:\PHP-webapp\mytkp\ThinkPHP\Library\Think\Think.class.php 第 230 行.

[ 2016-06-21T08:42:15+08:00 ] 127.0.0.1 /mytkp/index.php/Home/Class/login.html
INFO: [ app_init ] --START--
INFO: Run Behavior\BuildLiteBehavior [ RunTime:0.000000s ]
INFO: [ app_init ] --END-- [ RunTime:0.003000s ]
INFO: [ app_begin ] --START--
INFO: Run Behavior\ReadHtmlCacheBehavior [ RunTime:0.002000s ]
INFO: [ app_begin ] --END-- [ RunTime:0.003000s ]
SQL: SHOW COLUMNS FROM `class` [ RunTime:0.0110s ]
ERR: 非法操作:login
NOTIC: [2] Cannot modify header information - headers already sent by (output started at D:\PHP-webapp\mytkp\ThinkPHP\Library\Think\App.class.php:124) D:\PHP-webapp\mytkp\ThinkPHP\Library\Think\Think.class.php 第 229 行.
NOTIC: [2] Cannot modify header information - headers already sent by (output started at D:\PHP-webapp\mytkp\ThinkPHP\Library\Think\App.class.php:124) D:\PHP-webapp\mytkp\ThinkPHP\Library\Think\Think.class.php 第 230 行.

[ 2016-06-21T08:42:27+08:00 ] 127.0.0.1 /mytkp/index.php/Home/login.html
INFO: [ app_init ] --START--
INFO: Run Behavior\BuildLiteBehavior [ RunTime:0.001001s ]
INFO: [ app_init ] --END-- [ RunTime:0.003001s ]
INFO: [ app_begin ] --START--
INFO: Run Behavior\ReadHtmlCacheBehavior [ RunTime:0.001000s ]
INFO: [ app_begin ] --END-- [ RunTime:0.003001s ]
NOTIC: [8] Undefined index: userName D:\PHP-webapp\mytkp\Application\Home\Controller\UserController.class.php 第 18 行.
NOTIC: [8] Undefined index: userPass D:\PHP-webapp\mytkp\Application\Home\Controller\UserController.class.php 第 19 行.
INFO: [ app_end ] --START--
INFO: Run Behavior\ShowPageTraceBehavior [ RunTime:0.009000s ]
INFO: [ app_end ] --END-- [ RunTime:0.014000s ]

[ 2016-06-21T08:42:49+08:00 ] 127.0.0.1 /mytkp/index.php/login
INFO: [ app_init ] --START--
INFO: Run Behavior\BuildLiteBehavior [ RunTime:0.001000s ]
INFO: [ app_init ] --END-- [ RunTime:0.003000s ]
INFO: [ app_begin ] --START--
INFO: Run Behavior\ReadHtmlCacheBehavior [ RunTime:0.001000s ]
INFO: [ app_begin ] --END-- [ RunTime:0.003000s ]
INFO: [ app_end ] --START--
INFO: Run Behavior\ShowPageTraceBehavior [ RunTime:0.003000s ]
INFO: [ app_end ] --END-- [ RunTime:0.005000s ]

[ 2016-06-21T08:50:09+08:00 ] 127.0.0.1 /mytkp/index.php/Home/Class/classManage
INFO: [ app_init ] --START--
INFO: Run Behavior\BuildLiteBehavior [ RunTime:0.000000s ]
INFO: [ app_init ] --END-- [ RunTime:0.003000s ]
INFO: [ app_begin ] --START--
INFO: Run Behavior\ReadHtmlCacheBehavior [ RunTime:0.001000s ]
INFO: [ app_begin ] --END-- [ RunTime:0.003000s ]
SQL: SHOW COLUMNS FROM `class` [ RunTime:0.0110s ]
INFO: [ view_parse ] --START--
INFO: [ template_filter ] --START--
INFO: Run Behavior\ContentReplaceBehavior [ RunTime:0.002000s ]
INFO: [ template_filter ] --END-- [ RunTime:0.005000s ]
INFO: Run Behavior\ParseTemplateBehavior [ RunTime:0.054003s ]
INFO: [ view_parse ] --END-- [ RunTime:0.057003s ]
INFO: [ view_filter ] --START--
INFO: Run Behavior\WriteHtmlCacheBehavior [ RunTime:0.003000s ]
INFO: [ view_filter ] --END-- [ RunTime:0.005001s ]
INFO: [ app_end ] --START--
INFO: Run Behavior\ShowPageTraceBehavior [ RunTime:0.001000s ]
INFO: [ app_end ] --END-- [ RunTime:0.005000s ]

[ 2016-06-21T08:50:11+08:00 ] 127.0.0.1 /mytkp/index.php/Home/Class/loadClassByPage/pageNo/1/pageSize/10?page=1&rows=10
INFO: [ app_init ] --START--
INFO: Run Behavior\BuildLiteBehavior [ RunTime:0.000000s ]
INFO: [ app_init ] --END-- [ RunTime:0.003000s ]
INFO: [ app_begin ] --START--
INFO: Run Behavior\ReadHtmlCacheBehavior [ RunTime:0.003000s ]
INFO: [ app_begin ] --END-- [ RunTime:0.004000s ]
SQL: SHOW COLUMNS FROM `class` [ RunTime:0.0090s ]
SQL: select count(*) as cc  from class c,tb_user u1,tb_user u2 where c.headerid=u1.uid and c.managerid=u2.uid  [ RunTime:0.0010s ]
SQL: select c.cid,c.name,c.classtype,c.status,c.createtime,c.begintime,c.endtime,u1.trueName as headername,u2.trueName as managename,c.stucount,c.remark from class c,tb_user u1,tb_user u2 where c.headerid=u1.uid and c.managerid=u2.uid limit 0,10 [ RunTime:0.0010s ]

