[ 2016-06-13T09:10:06+08:00 ] 127.0.0.1 /mytkp/index.php/Home/User/login
INFO: [ app_init ] --START--
INFO: Run Behavior\BuildLiteBehavior [ RunTime:0.001000s ]
INFO: [ app_init ] --END-- [ RunTime:0.003001s ]
INFO: [ app_begin ] --START--
INFO: Run Behavior\ReadHtmlCacheBehavior [ RunTime:0.002000s ]
INFO: [ app_begin ] --END-- [ RunTime:0.003000s ]
INFO: [ app_end ] --START--
INFO: Run Behavior\ShowPageTraceBehavior [ RunTime:0.006000s ]
INFO: [ app_end ] --END-- [ RunTime:0.012001s ]

[ 2016-06-13T10:03:13+08:00 ] 127.0.0.1 /mytkp/index.php/User/login
INFO: [ app_init ] --START--
INFO: Run Behavior\BuildLiteBehavior [ RunTime:0.001000s ]
INFO: [ app_init ] --END-- [ RunTime:0.004000s ]
INFO: [ app_begin ] --START--
INFO: Run Behavior\ReadHtmlCacheBehavior [ RunTime:0.003000s ]
INFO: [ app_begin ] --END-- [ RunTime:0.007000s ]
INFO: [ app_end ] --START--
INFO: Run Behavior\ShowPageTraceBehavior [ RunTime:0.006001s ]
INFO: [ app_end ] --END-- [ RunTime:0.014001s ]

[ 2016-06-13T10:14:16+08:00 ] 127.0.0.1 /mytkp/index.php/User/login
INFO: [ app_init ] --START--
INFO: Run Behavior\BuildLiteBehavior [ RunTime:0.000000s ]
INFO: [ app_init ] --END-- [ RunTime:0.015600s ]
INFO: [ app_begin ] --START--
INFO: Run Behavior\ReadHtmlCacheBehavior [ RunTime:0.000000s ]
INFO: [ app_begin ] --END-- [ RunTime:0.015600s ]
INFO: [ app_end ] --START--
INFO: Run Behavior\ShowPageTraceBehavior [ RunTime:0.000000s ]
INFO: [ app_end ] --END-- [ RunTime:0.000000s ]

[ 2016-06-13T10:27:57+08:00 ] 127.0.0.1 /mytkp/index.php/Home/User/login
INFO: [ app_init ] --START--
INFO: Run Behavior\BuildLiteBehavior [ RunTime:0.000000s ]
INFO: [ app_init ] --END-- [ RunTime:0.000000s ]
INFO: [ app_begin ] --START--
INFO: Run Behavior\ReadHtmlCacheBehavior [ RunTime:0.000000s ]
INFO: [ app_begin ] --END-- [ RunTime:0.000000s ]
ERR: æ— æ³•åŠ è½½æŽ§åˆ¶å™¨:Home

[ 2016-06-13T10:28:08+08:00 ] 127.0.0.1 /mytkp/index.php/Home/User/login
INFO: [ app_init ] --START--
INFO: Run Behavior\BuildLiteBehavior [ RunTime:0.000000s ]
INFO: [ app_init ] --END-- [ RunTime:0.000000s ]
INFO: [ app_begin ] --START--
INFO: Run Behavior\ReadHtmlCacheBehavior [ RunTime:0.000000s ]
INFO: [ app_begin ] --END-- [ RunTime:0.000000s ]
ERR: æ— æ³•åŠ è½½æŽ§åˆ¶å™¨:Home

[ 2016-06-13T10:28:11+08:00 ] 127.0.0.1 /mytkp/index.php/Home/User/login
INFO: [ app_init ] --START--
INFO: Run Behavior\BuildLiteBehavior [ RunTime:0.000000s ]
INFO: [ app_init ] --END-- [ RunTime:0.015600s ]
INFO: [ app_begin ] --START--
INFO: Run Behavior\ReadHtmlCacheBehavior [ RunTime:0.015600s ]
INFO: [ app_begin ] --END-- [ RunTime:0.015600s ]
ERR: æ— æ³•åŠ è½½æŽ§åˆ¶å™¨:Home

[ 2016-06-13T10:28:19+08:00 ] 127.0.0.1 /mytkp/index.php/User/login
INFO: [ app_init ] --START--
INFO: Run Behavior\BuildLiteBehavior [ RunTime:0.000000s ]
INFO: [ app_init ] --END-- [ RunTime:0.015600s ]
INFO: [ app_begin ] --START--
INFO: Run Behavior\ReadHtmlCacheBehavior [ RunTime:0.015600s ]
INFO: [ app_begin ] --END-- [ RunTime:0.015600s ]
INFO: [ app_end ] --START--
INFO: Run Behavior\ShowPageTraceBehavior [ RunTime:0.000000s ]
INFO: [ app_end ] --END-- [ RunTime:0.000000s ]

[ 2016-06-13T10:47:30+08:00 ] 127.0.0.1 /mytkp/index.php/home/index/index?name=aaa&pwd=111
INFO: [ app_init ] --START--
INFO: Run Behavior\BuildLiteBehavior [ RunTime:0.000000s ]
INFO: [ app_init ] --END-- [ RunTime:0.003000s ]
INFO: [ app_begin ] --START--
INFO: Run Behavior\ReadHtmlCacheBehavior [ RunTime:0.002000s ]
INFO: [ app_begin ] --END-- [ RunTime:0.004000s ]
ERR: æ— æ³•åŠ è½½æŽ§åˆ¶å™¨:Home

[ 2016-06-13T10:48:00+08:00 ] 127.0.0.1 /mytkp/index.php/Home/index/index?name=aaa&pwd=111
INFO: [ app_init ] --START--
INFO: Run Behavior\BuildLiteBehavior [ RunTime:0.001000s ]
INFO: [ app_init ] --END-- [ RunTime:0.004000s ]
INFO: [ app_begin ] --START--
INFO: Run Behavior\ReadHtmlCacheBehavior [ RunTime:0.001000s ]
INFO: [ app_begin ] --END-- [ RunTime:0.004000s ]
ERR: æ— æ³•åŠ è½½æŽ§åˆ¶å™¨:Home

[ 2016-06-13T10:48:10+08:00 ] 127.0.0.1 /mytkp/index.php/Home/Index/index?name=aaa&pwd=111
INFO: [ app_init ] --START--
INFO: Run Behavior\BuildLiteBehavior [ RunTime:0.001000s ]
INFO: [ app_init ] --END-- [ RunTime:0.005000s ]
INFO: [ app_begin ] --START--
INFO: Run Behavior\ReadHtmlCacheBehavior [ RunTime:0.003000s ]
INFO: [ app_begin ] --END-- [ RunTime:0.006000s ]
ERR: æ— æ³•åŠ è½½æŽ§åˆ¶å™¨:Home

[ 2016-06-13T10:49:38+08:00 ] 127.0.0.1 /mytkp/index.php/Index/index?name=aaa&pwd=111
INFO: [ app_init ] --START--
INFO: Run Behavior\BuildLiteBehavior [ RunTime:0.000000s ]
INFO: [ app_init ] --END-- [ RunTime:0.000000s ]
INFO: [ app_begin ] --START--
INFO: Run Behavior\ReadHtmlCacheBehavior [ RunTime:0.000000s ]
INFO: [ app_begin ] --END-- [ RunTime:0.015600s ]
INFO: [ app_end ] --START--
INFO: Run Behavior\ShowPageTraceBehavior [ RunTime:0.000000s ]
INFO: [ app_end ] --END-- [ RunTime:0.000000s ]

[ 2016-06-13T10:50:09+08:00 ] 127.0.0.1 /mytkp/index.php/Home/Index/index?name=aaa&pwd=111
INFO: [ app_init ] --START--
INFO: Run Behavior\BuildLiteBehavior [ RunTime:0.000000s ]
INFO: [ app_init ] --END-- [ RunTime:0.000000s ]
INFO: [ app_begin ] --START--
INFO: Run Behavior\ReadHtmlCacheBehavior [ RunTime:0.000000s ]
INFO: [ app_begin ] --END-- [ RunTime:0.000000s ]
INFO: [ app_end ] --START--
INFO: Run Behavior\ShowPageTraceBehavior [ RunTime:0.000000s ]
INFO: [ app_end ] --END-- [ RunTime:0.000000s ]

[ 2016-06-13T10:50:26+08:00 ] 127.0.0.1 /mytkp/index.php/Home/Index/index/name/111/pwd/333
INFO: [ app_init ] --START--
INFO: Run Behavior\BuildLiteBehavior [ RunTime:0.000000s ]
INFO: [ app_init ] --END-- [ RunTime:0.000000s ]
INFO: [ app_begin ] --START--
INFO: Run Behavior\ReadHtmlCacheBehavior [ RunTime:0.000000s ]
INFO: [ app_begin ] --END-- [ RunTime:0.000000s ]
INFO: [ app_end ] --START--
INFO: Run Behavior\ShowPageTraceBehavior [ RunTime:0.000000s ]
INFO: [ app_end ] --END-- [ RunTime:0.000000s ]

[ 2016-06-13T10:50:51+08:00 ] 127.0.0.1 /mytkp/index.php/Home/Index/index/name/111/pwd/333
INFO: [ app_init ] --START--
INFO: Run Behavior\BuildLiteBehavior [ RunTime:0.000000s ]
INFO: [ app_init ] --END-- [ RunTime:0.000000s ]
INFO: [ app_begin ] --START--
INFO: Run Behavior\ReadHtmlCacheBehavior [ RunTime:0.000000s ]
INFO: [ app_begin ] --END-- [ RunTime:0.000000s ]
INFO: [ view_parse ] --START--
INFO: Run Behavior\ParseTemplateBehavior [ RunTime:0.015600s ]
INFO: [ view_parse ] --END-- [ RunTime:0.015600s ]
INFO: [ view_filter ] --START--
INFO: Run Behavior\WriteHtmlCacheBehavior [ RunTime:0.000000s ]
INFO: [ view_filter ] --END-- [ RunTime:0.000000s ]
INFO: [ app_end ] --START--
INFO: Run Behavior\ShowPageTraceBehavior [ RunTime:0.000000s ]
INFO: [ app_end ] --END-- [ RunTime:0.000000s ]

[ 2016-06-13T10:51:05+08:00 ] 127.0.0.1 /mytkp/index.php/Home/Index/index/name/111/pwd/333
INFO: [ app_init ] --START--
INFO: Run Behavior\BuildLiteBehavior [ RunTime:0.000000s ]
INFO: [ app_init ] --END-- [ RunTime:0.000000s ]
INFO: [ app_begin ] --START--
INFO: Run Behavior\ReadHtmlCacheBehavior [ RunTime:0.000000s ]
INFO: [ app_begin ] --END-- [ RunTime:0.000000s ]
INFO: [ view_parse ] --START--
INFO: Run Behavior\ParseTemplateBehavior [ RunTime:0.000000s ]
INFO: [ view_parse ] --END-- [ RunTime:0.000000s ]
INFO: [ view_filter ] --START--
INFO: Run Behavior\WriteHtmlCacheBehavior [ RunTime:0.015600s ]
INFO: [ view_filter ] --END-- [ RunTime:0.015600s ]
INFO: [ app_end ] --START--
INFO: Run Behavior\ShowPageTraceBehavior [ RunTime:0.000000s ]
INFO: [ app_end ] --END-- [ RunTime:0.000000s ]

[ 2016-06-13T10:51:23+08:00 ] 127.0.0.1 /mytkp/index.php/Home/Index/index/name/111/pwd/%E5%91%B5%E5%91%B5
INFO: [ app_init ] --START--
INFO: Run Behavior\BuildLiteBehavior [ RunTime:0.000000s ]
INFO: [ app_init ] --END-- [ RunTime:0.000000s ]
INFO: [ app_begin ] --START--
INFO: Run Behavior\ReadHtmlCacheBehavior [ RunTime:0.000000s ]
INFO: [ app_begin ] --END-- [ RunTime:0.000000s ]
INFO: [ view_parse ] --START--
INFO: Run Behavior\ParseTemplateBehavior [ RunTime:0.015600s ]
INFO: [ view_parse ] --END-- [ RunTime:0.015600s ]
INFO: [ view_filter ] --START--
INFO: Run Behavior\WriteHtmlCacheBehavior [ RunTime:0.000000s ]
INFO: [ view_filter ] --END-- [ RunTime:0.000000s ]
INFO: [ app_end ] --START--
INFO: Run Behavior\ShowPageTraceBehavior [ RunTime:0.000000s ]
INFO: [ app_end ] --END-- [ RunTime:0.000000s ]

[ 2016-06-13T10:51:37+08:00 ] 127.0.0.1 /mytkp/index.php/Home/Index/index/name/%E5%93%88%E5%93%88/pwd/%E5%91%B5%E5%91%B5
INFO: [ app_init ] --START--
INFO: Run Behavior\BuildLiteBehavior [ RunTime:0.000000s ]
INFO: [ app_init ] --END-- [ RunTime:0.000000s ]
INFO: [ app_begin ] --START--
INFO: Run Behavior\ReadHtmlCacheBehavior [ RunTime:0.000000s ]
INFO: [ app_begin ] --END-- [ RunTime:0.000000s ]
INFO: [ view_parse ] --START--
INFO: Run Behavior\ParseTemplateBehavior [ RunTime:0.015600s ]
INFO: [ view_parse ] --END-- [ RunTime:0.015600s ]
INFO: [ view_filter ] --START--
INFO: Run Behavior\WriteHtmlCacheBehavior [ RunTime:0.000000s ]
INFO: [ view_filter ] --END-- [ RunTime:0.000000s ]
INFO: [ app_end ] --START--
INFO: Run Behavior\ShowPageTraceBehavior [ RunTime:0.015600s ]
INFO: [ app_end ] --END-- [ RunTime:0.015600s ]

[ 2016-06-13T10:51:59+08:00 ] 127.0.0.1 /mytkp/index.php/Home/Index/index/name/%E7%A4%BE%E4%BC%9A%E4%B8%BB%E4%B9%89%E5%A5%BD/pwd/%E4%BA%BA%E6%B0%91%E5%9C%B0%E4%BD%8D%E9%AB%98
INFO: [ app_init ] --START--
INFO: Run Behavior\BuildLiteBehavior [ RunTime:0.000000s ]
INFO: [ app_init ] --END-- [ RunTime:0.000000s ]
INFO: [ app_begin ] --START--
INFO: Run Behavior\ReadHtmlCacheBehavior [ RunTime:0.000000s ]
INFO: [ app_begin ] --END-- [ RunTime:0.000000s ]
INFO: [ view_parse ] --START--
INFO: Run Behavior\ParseTemplateBehavior [ RunTime:0.000000s ]
INFO: [ view_parse ] --END-- [ RunTime:0.000000s ]
INFO: [ view_filter ] --START--
INFO: Run Behavior\WriteHtmlCacheBehavior [ RunTime:0.000000s ]
INFO: [ view_filter ] --END-- [ RunTime:0.000000s ]
INFO: [ app_end ] --START--
INFO: Run Behavior\ShowPageTraceBehavior [ RunTime:0.000000s ]
INFO: [ app_end ] --END-- [ RunTime:0.015600s ]

[ 2016-06-13T10:52:39+08:00 ] 127.0.0.1 /mytkp/index.php/Home/Index/index/name/%E7%A4%BE%E4%BC%9A%E4%B8%BB%E4%B9%89%E5%A5%BD/pwd/%E4%BA%BA%E6%B0%91%E5%9C%B0%E4%BD%8D%E9%AB%98
INFO: [ app_init ] --START--
INFO: Run Behavior\BuildLiteBehavior [ RunTime:0.000000s ]
INFO: [ app_init ] --END-- [ RunTime:0.000000s ]
INFO: [ app_begin ] --START--
INFO: Run Behavior\ReadHtmlCacheBehavior [ RunTime:0.000000s ]
INFO: [ app_begin ] --END-- [ RunTime:0.000000s ]
INFO: [ view_parse ] --START--
INFO: Run Behavior\ParseTemplateBehavior [ RunTime:0.000000s ]
INFO: [ view_parse ] --END-- [ RunTime:0.000000s ]
INFO: [ view_filter ] --START--
INFO: Run Behavior\WriteHtmlCacheBehavior [ RunTime:0.000000s ]
INFO: [ view_filter ] --END-- [ RunTime:0.015600s ]
INFO: [ app_end ] --START--
INFO: Run Behavior\ShowPageTraceBehavior [ RunTime:0.000000s ]
INFO: [ app_end ] --END-- [ RunTime:0.000000s ]

[ 2016-06-13T10:53:01+08:00 ] 127.0.0.1 /mytkp/index.php/Home/Index/index/name/%E7%A4%BE%E4%BC%9A%E4%B8%BB%E4%B9%89%E5%A5%BD/pwd/%E4%BA%BA%E6%B0%91%E5%9C%B0%E4%BD%8D%E9%AB%98%E5%95%8A%E5%95%8A%E5%95%8A%E5%95%8A%E5%95%8A%E5%95%8A%E5%95%8A%E5%95%8A%E5%95%8A%E5%95%8A%E5%95%8A%E5%95%8A%E5%95%8A%E5%95%8A%E5%95%8A%E5%95%8A%E5%95%8A%E5%95%8A%E5%95%8A%E5%95%8A%E5%95%8A%E5%95%8A%E5%95%8A%E5%95%8A%E5%95%8A%E5%95%8A%E5%95%8A%E5%95%8A%E5%95%8A%E5%95%8A%E5%95%8A%E5%95%8A%E5%95%8A%E5%95%8A%E5%95%8A%E5%95%8A%E5%95%8A%E5%95%8A%E5%95%8A%E5%95%8A%E5%95%8A%E5%95%8A%E5%95%8A%E5%95%8A%E5%95%8A%E5%95%8A%E5%95%8A%E5%95%8A%E5%95%8A%E5%95%8A%E5%95%8A%E5%95%8A%E5%95%8A
INFO: [ app_init ] --START--
INFO: Run Behavior\BuildLiteBehavior [ RunTime:0.000000s ]
INFO: [ app_init ] --END-- [ RunTime:0.015600s ]
INFO: [ app_begin ] --START--
INFO: Run Behavior\ReadHtmlCacheBehavior [ RunTime:0.000000s ]
INFO: [ app_begin ] --END-- [ RunTime:0.000000s ]
INFO: [ view_parse ] --START--
INFO: Run Behavior\ParseTemplateBehavior [ RunTime:0.000000s ]
INFO: [ view_parse ] --END-- [ RunTime:0.000000s ]
INFO: [ view_filter ] --START--
INFO: Run Behavior\WriteHtmlCacheBehavior [ RunTime:0.000000s ]
INFO: [ view_filter ] --END-- [ RunTime:0.000000s ]
INFO: [ app_end ] --START--
INFO: Run Behavior\ShowPageTraceBehavior [ RunTime:0.000000s ]
INFO: [ app_end ] --END-- [ RunTime:0.000000s ]

[ 2016-06-13T10:53:28+08:00 ] 127.0.0.1 /mytkp/index.php/Home/Index/index/name/%E7%A4%BE%E4%BC%9A%E4%B8%BB%E4%B9%89%E5%A5%BD/pwd/%E4%BA%BA%E6%B0%91%E5%9C%B0%E4%BD%8D%E9%AB%98%E5%95%8A%E5%95%8A%E5%95%8A%E5%95%8A%E5%95%8A%E5%95%8A%E5%95%8A%E5%95%8A%E5%95%8A%E5%95%8A%E5%95%8A%E5%95%8A%E5%95%8A%E5%95%8A%E5%95%8A%E5%95%8A%E5%95%8A%E5%95%8A%E5%95%8A%E5%95%8A%E5%95%8A%E5%95%8A%E5%95%8A%E5%95%8A%E5%95%8A%E5%95%8A%E5%95%8A%E5%95%8A%E5%95%8A%E5%95%8A%E5%95%8A%E5%95%8A%E5%95%8A%E5%95%8A%E5%95%8A%E5%95%8A%E5%95%8A%E5%95%8A%E5%95%8A%E5%95%8A%E5%95%8A%E5%95%8A%E5%95%8A%E5%95%8A%E5%95%8A%E5%95%8A%E5%95%8A%E5%95%8A%E5%95%8A%E5%95%8A%E5%95%8A%E5%95%8A%E5%95%8A%E5%95%8A%E5%95%8A%E5%95%8A%E5%95%8A%E5%95%8A%E5%95%8A%E5%95%8A%E5%95%8A%E5%95%8A%E5%95%8A%E5%95%8A%E5%95%8A%E5%95%8A%E5%95%8A%E5%95%8A%E5%95%8A%E5%95%8A%E5%95%8A%E5%95%8A%E5%95%8A%E5%95%8A%E5%95%8A%E5%95%8A%E5%95%8A%E5%95%8A%E5%95%8A%E5%95%8A%E5%95%8A%E5%95%8A%E5%95%8A%E5%95%8A%E5%95%8A%E5%95%8A%E5%95%8A%E5%95%8A%E5%95%8A%E5%95%8A%E5%95%8A%E5%95%8A%E5%95%8A%E5%95%8A%E5%95%8A%E5%95%8A%E5%95%8A%E5%95%8A%E5%95%8A%E5%95%8A%E5%95%8A%E5%95%8A%E5%95%8A%E5%95%8A%E5%95%8A%E5%95%8A%E5%95%8A%E5%95%8A%E5%95%8A%E5%95%8A%E5%95%8A%E5%95%8A%E5%95%8A%E5%95%8A%E5%95%8A%E5%95%8A%E5%95%8A%E5%95%8A%E5%95%8A%E5%95%8A%E5%95%8A%E5%95%8A%E5%95%8A%E5%95%8A%E5%95%8A%E5%95%8A%E5%95%8A%E5%95%8A%E5%95%8A%E5%95%8A%E5%95%8A%E5%95%8A%E5%95%8A%E5%95%8A%E5%95%8A%E5%95%8A%E5%95%8A%E5%95%8A%E5%95%8A%E5%95%8A%E5%95%8A%E5%95%8A%E5%95%8A%E5%95%8A%E5%95%8A%E5%95%8A%E5%95%8A%E5%95%8A%E5%95%8A%E5%95%8A%E5%95%8A%E5%95%8A%E5%95%8A%E5%95%8A%E5%95%8A%E5%95%8A%E5%95%8A%E5%95%8A%E5%95%8A%E5%95%8A%E5%95%8A%E5%95%8A%E5%95%8A%E5%95%8A%E5%95%8A%E5%95%8A%E5%95%8A%E5%95%8A%E5%95%8A%E5%95%8A%E5%95%8A%E5%95%8A%E5%95%8A%E5%95%8A%E5%95%8A%E5%95%8A%E5%95%8A%E5%95%8A%E5%95%8A%E5%95%8A%E5%95%8A%E5%95%8A%E5%95%8A%E5%95%8A%E5%95%8A%E5%95%8A%E5%95%8A%E5%95%8A%E5%95%8A%E5%95%8A%E5%95%8A%E5%95%8A%E5%95%8A%E5%95%8A%E5%95%8A%E5%95%8A%E5%95%8A%E5%95%8A%E5%95%8A%E5%95%8A%E5%95%8A%E5%95%8A%E5%95%8A%E5%95%8A%E5%95%8A%E5%95%8A%E5%95%8A%E5%95%8A%E5%95%8A%E5%95%8A%E5%95%8A%E5%95%8A%E5%95%8A%E5%95%8A%E5%95%8A%E5%95%8A%E5%95%8A%E5%95%8A%E5%95%8A%E5%95%8A%E5%95%8A%E5%95%8A%E5%95%8A%E5%95%8A%E5%95%8A%E5%95%8A%E5%95%8A%E5%95%8A%E5%95%8A%E5%95%8A%E5%95%8A%E5%95%8A%E5%95%8A%E5%95%8A%E5%95%8A%E5%95%8A%E5%95%8A%E5%95%8A%E5%95%8A%E5%95%8A%E5%95%8A%E5%95%8A%E5%95%8A%E5%95%8A%E5%95%8A%E5%95%8A%E5%95%8A%E5%95%8A%E5%95%8A%E5%95%8A%E5%95%8A%E5%95%8A%E5%95%8A%E5%95%8A%E5%95%8A%E5%95%8A%E5%95%8A%E5%95%8A%E5%95%8A%E5%95%8A%E5%95%8A%E5%95%8A%E5%95%8A%E5%95%8A%E5%95%8A%E5%95%8A%E5%95%8A%E5%95%8A%E5%95%8A%E5%95%8A%E5%95%8A%E5%95%8A%E5%95%8A%E5%95%8A%E5%95%8A%E5%95%8A%E5%95%8A%E5%95%8A%E5%95%8A%E5%95%8A%E5%95%8A%E5%95%8A%E5%95%8A%E5%95%8A%E5%95%8A%E5%95%8A%E5%95%8A%E5%95%8A%E5%95%8A%E5%95%8A%E5%95%8A%E5%95%8A%E5%95%8A%E5%95%8A%E5%95%8A%E5%95%8A%E5%95%8A%E5%95%8A%E5%95%8A%E5%95%8A%E5%95%8A%E5%95%8A%E5%95%8A%E5%95%8A%E5%95%8A%E5%95%8A%E5%95%8A%E5%95%8A%E5%95%8A%E5%95%8A%E5%95%8A%E5%95%8A%E5%95%8A%E5%95%8A%E5%95%8A%E5%95%8A%E5%95%8A%E5%95%8A%E5%95%8A%E5%95%8A%E5%95%8A%E5%95%8A%E5%95%8A%E5%95%8A%E5%95%8A%E5%95%8A%E5%95%8A%E5%95%8A%E5%95%8A%E5%95%8A%E5%95%8A%E5%95%8A%E5%95%8A%E5%95%8A%E5%95%8A%E5%95%8A%E5%95%8A%E5%95%8A%E5%95%8A%E5%95%8A%E5%95%8A%E5%95%8A%E5%95%8A%E5%95%8A%E5%95%8A%E5%95%8A%E5%95%8A%E5%95%8A%E5%95%8A%E5%95%8A%E5%95%8A%E5%95%8A%E5%95%8A%E5%95%8A%E5%95%8A%E5%95%8A%E5%95%8A%E5%95%8A%E5%95%8A%E5%95%8A%E5%95%8A%E5%95%8A%E5%95%8A%E5%95%8A%E5%95%8A%E5%95%8A%E5%95%8A%E5%95%8A%E5%95%8A%E5%95%8A%E5%95%8A%E5%95%8A%E5%95%8A%E5%95%8A%E5%95%8A%E5%95%8A%E5%95%8A%E5%95%8A%E5%95%8A%E5%95%8A%E5%95%8A%E5%95%8A%E5%95%8A%E5%95%8A%E5%95%8A%E5%95%8A%E5%95%8A%E5%95%8A%E5%95%8A%E5%95%8A%E5%95%8A%E5%95%8A%E5%95%8A%E5%95%8A%E5%95%8A%E5%95%8A%E5%95%8A%E5%95%8A%E5%95%8A%E5%95%8A%E5%95%8A%E5%95%8A%E5%95%8A%E5%95%8A%E5%95%8A%E5%95%8A%E5%95%8A%E5%95%8A%E5%95%8A%E5%95%8A%E5%95%8A%E5%95%8A%E5%95%8A%E5%95%8A%E5%95%8A%E5%95%8A%E5%95%8A%E5%95%8A%E5%95%8A%E5%95%8A%E5%95%8A%E5%95%8A%E5%95%8A%E5%95%8A%E5%95%8A%E5%95%8A%E5%95%8A%E5%95%8A%E5%95%8A%E5%95%8A%E5%95%8A%E5%95%8A%E5%95%8A%E5%95%8A%E5%95%8A%E5%95%8A%E5%95%8A%E5%95%8A%E5%95%8A%E5%95%8A%E5%95%8A%E5%95%8A%E5%95%8A%E5%95%8A%E5%95%8A%E5%95%8A%E5%95%8A%E5%95%8A%E5%95%8A%E5%95%8A%E5%95%8A%E5%95%8A%E5%95%8A%E5%95%8A%E5%95%8A%E5%95%8A%E5%95%8A%E5%95%8A%E5%95%8A%E5%95%8A%E5%95%8A%E5%95%8A%E5%95%8A%E5%95%8A%E5%95%8A%E5%95%8A%E5%95%8A%E5%95%8A%E5%95%8A%E5%95%8A%E5%95%8A%E5%95%8A%E5%95%8A%E5%95%8A%E5%95%8A%E5%95%8A%E5%95%8A%E5%95%8A%E5%95%8A%E5%95%8A%E5%95%8A%E5%95%8A%E5%95%8A%E5%95%8A%E5%95%8A%E5%95%8A%E5%95%8A%E5%95%8A%E5%95%8A%E5%95%8A%E5%95%8A%E5%95%8A%E5%95%8A%E5%95%8A%E5%95%8A%E5%95%8A%E5%95%8A%E5%95%8A%E5%95%8A%E5%95%8A%E5%95%8A%E5%95%8A%E5%95%8A%E5%95%8A%E5%95%8A%E5%95%8A%E5%95%8A%E5%95%8A%E5%95%8A%E5%95%8A%E5%95%8A%E5%95%8A%E5%95%8A%E5%95%8A%E5%95%8A%E5%95%8A%E5%95%8A%E5%95%8A%E5%95%8A%E5%95%8A%E5%95%8A%E5%95%8A%E5%95%8A%E5%95%8A%E5%95%8A%E5%95%8A%E5%95%8A%E5%95%8A%E5%95%8A%E5%95%8A%E5%95%8A%E5%95%8A%E5%95%8A%E5%95%8A%E5%95%8A%E5%95%8A%E5%95%8A%E5%95%8A%E5%95%8A%E5%95%8A%E5%95%8A%E5%95%8A%E5%95%8A%E5%95%8A%E5%95%8A%E5%95%8A%E5%95%8A%E5%95%8A%E5%95%8A%E5%95%8A%E5%95%8A%E5%95%8A%E5%95%8A%E5%95%8A%E5%95%8A%E5%95%8A%E5%95%8A%E5%95%8A%E5%95%8A%E5%95%8A%E5%95%8A%E5%95%8A%E5%95%8A%E5%95%8A%E5%95%8A%E5%95%8A%E5%95%8A%E5%95%8A%E5%95%8A%E5%95%8A%E5%95%8A%E5%95%8A%E5%95%8A%E5%95%8A%E5%95%8A%E5%95%8A%E5%95%8A%E5%95%8A%E5%95%8A%E5%95%8A%E5%95%8A%E5%95%8A%E5%95%8A%E5%95%8A%E5%95%8A%E5%95%8A%E5%95%8A%E5%95%8A%E5%95%8A%E5%95%8A%E5%95%8A%E5%95%8A%E5%95%8A%E5%95%8A%E5%95%8A%E5%95%8A%E5%95%8A%E5%95%8A%E5%95%8A%E5%95%8A%E5%95%8A%E5%95%8A%E5%95%8A%E5%95%8A%E5%95%8A%E5%95%8A%E5%95%8A%E5%95%8A%E5%95%8A%E5%95%8A%E5%95%8A%E5%95%8A%E5%95%8A%E5%95%8A%E5%95%8A%E5%95%8A%E5%95%8A%E5%95%8A%E5%95%8A%E5%95%8A%E5%95%8A%E5%95%8A%E5%95%8A%E5%95%8A%E5%95%8A%E5%95%8A%E5%95%8A%E5%95%8A%E5%95%8A%E5%95%8A%E5%95%8A%E5%95%8A%E5%95%8A%E5%95%8A%E5%95%8A%E5%95%8A%E5%95%8A%E5%95%8A%E5%95%8A%E5%95%8A%E5%95%8A%E5%95%8A%E5%95%8A%E5%95%8A%E5%95%8A%E5%95%8A%E5%95%8A%E5%95%8A%E5%95%8A%E5%95%8A%E5%95%8A%E5%95%8A%E5%95%8A%E5%95%8A%E5%95%8A%E5%95%8A%E5%95%8A%E5%95%8A%E5%95%8A%E5%95%8A%E5%95%8A%E5%95%8A%E5%95%8A%E5%95%8A%E5%95%8A%E5%95%8A%E5%95%8A%E5%95%8A%E5%95%8A%E5%95%8A%E5%95%8A%E5%95%8A%E5%95%8A%E5%95%8A%E5%95%8A%E5%95%8A%E5%95%8A%E5%95%8A%E5%95%8A%E5%95%8A%E5%95%8A%E5%95%8A%E5%95%8A%E5%95%8A%E5%95%8A%E5%95%8A%E5%95%8A%E5%95%8A%E5%95%8A%E5%95%8A%E5%95%8A%E5%95%8A%E5%95%8A%E5%95%8A%E5%95%8A%E5%95%8A%E5%95%8A%E5%95%8A%E5%95%8A%E5%95%8A%E5%95%8A%E5%95%8A%E5%95%8A%E5%95%8A%E5%95%8A%E5%95%8A%E5%95%8A%E5%95%8A%E5%95%8A%E5%95%8A%E5%95%8A%E5%95%8A%E5%95%8A%E5%95%8A%E5%95%8A%E5%95%8A%E5%95%8A%E5%95%8A%E5%95%8A
INFO: [ app_init ] --START--
INFO: Run Behavior\BuildLiteBehavior [ RunTime:0.000000s ]
INFO: [ app_init ] --END-- [ RunTime:0.000000s ]
INFO: [ app_begin ] --START--
INFO: Run Behavior\ReadHtmlCacheBehavior [ RunTime:0.000000s ]
INFO: [ app_begin ] --END-- [ RunTime:0.015600s ]
INFO: [ view_parse ] --START--
INFO: Run Behavior\ParseTemplateBehavior [ RunTime:0.000000s ]
INFO: [ view_parse ] --END-- [ RunTime:0.000000s ]
INFO: [ view_filter ] --START--
INFO: Run Behavior\WriteHtmlCacheBehavior [ RunTime:0.000000s ]
INFO: [ view_filter ] --END-- [ RunTime:0.015600s ]
INFO: [ app_end ] --START--
INFO: Run Behavior\ShowPageTraceBehavior [ RunTime:0.000000s ]
INFO: [ app_end ] --END-- [ RunTime:0.000000s ]

[ 2016-06-13T11:18:56+08:00 ] 127.0.0.1 /mytkp/Home/Index/index?name=aaa&pwd=1112222222
INFO: [ app_init ] --START--
INFO: Run Behavior\BuildLiteBehavior [ RunTime:0.000000s ]
INFO: [ app_init ] --END-- [ RunTime:0.015600s ]
INFO: [ app_begin ] --START--
INFO: Run Behavior\ReadHtmlCacheBehavior [ RunTime:0.000000s ]
INFO: [ app_begin ] --END-- [ RunTime:0.000000s ]
INFO: [ view_parse ] --START--
INFO: Run Behavior\ParseTemplateBehavior [ RunTime:0.015600s ]
INFO: [ view_parse ] --END-- [ RunTime:0.015600s ]
INFO: [ view_filter ] --START--
INFO: Run Behavior\WriteHtmlCacheBehavior [ RunTime:0.000000s ]
INFO: [ view_filter ] --END-- [ RunTime:0.000000s ]
INFO: [ app_end ] --START--
INFO: Run Behavior\ShowPageTraceBehavior [ RunTime:0.000000s ]
INFO: [ app_end ] --END-- [ RunTime:0.000000s ]

[ 2016-06-13T11:20:05+08:00 ] 127.0.0.1 /mytkp/Home/index.php/Index/index?name=aaa&pwd=1112222222
INFO: [ app_init ] --START--
INFO: Run Behavior\BuildLiteBehavior [ RunTime:0.000000s ]
INFO: [ app_init ] --END-- [ RunTime:0.000000s ]
INFO: [ app_begin ] --START--
INFO: Run Behavior\ReadHtmlCacheBehavior [ RunTime:0.000000s ]
INFO: [ app_begin ] --END-- [ RunTime:0.000000s ]
ERR: æ— æ³•åŠ è½½æŽ§åˆ¶å™¨:Index.php

[ 2016-06-13T11:20:19+08:00 ] 127.0.0.1 /mytkp/Home/index.php/Index/index?name=aaa&pwd=1112222222
INFO: [ app_init ] --START--
INFO: Run Behavior\BuildLiteBehavior [ RunTime:0.000000s ]
INFO: [ app_init ] --END-- [ RunTime:0.000000s ]
INFO: [ app_begin ] --START--
INFO: Run Behavior\ReadHtmlCacheBehavior [ RunTime:0.000000s ]
INFO: [ app_begin ] --END-- [ RunTime:0.000000s ]
ERR: æ— æ³•åŠ è½½æŽ§åˆ¶å™¨:Index.php

[ 2016-06-13T11:20:42+08:00 ] 127.0.0.1 /mytkp/index.php/Home/Index/index?name=aaa&pwd=1112222222
INFO: [ app_init ] --START--
INFO: Run Behavior\BuildLiteBehavior [ RunTime:0.000000s ]
INFO: [ app_init ] --END-- [ RunTime:0.000000s ]
INFO: [ app_begin ] --START--
INFO: Run Behavior\ReadHtmlCacheBehavior [ RunTime:0.000000s ]
INFO: [ app_begin ] --END-- [ RunTime:0.000000s ]
INFO: [ view_parse ] --START--
INFO: Run Behavior\ParseTemplateBehavior [ RunTime:0.000000s ]
INFO: [ view_parse ] --END-- [ RunTime:0.000000s ]
INFO: [ view_filter ] --START--
INFO: Run Behavior\WriteHtmlCacheBehavior [ RunTime:0.015600s ]
INFO: [ view_filter ] --END-- [ RunTime:0.015600s ]
INFO: [ app_end ] --START--
INFO: Run Behavior\ShowPageTraceBehavior [ RunTime:0.000000s ]
INFO: [ app_end ] --END-- [ RunTime:0.000000s ]

[ 2016-06-13T11:20:50+08:00 ] 127.0.0.1 /mytkp/index.php/Home/Index/index?name=aaa&pwd=1112222222
INFO: [ app_init ] --START--
INFO: Run Behavior\BuildLiteBehavior [ RunTime:0.000000s ]
INFO: [ app_init ] --END-- [ RunTime:0.000000s ]
INFO: [ app_begin ] --START--
INFO: Run Behavior\ReadHtmlCacheBehavior [ RunTime:0.000000s ]
INFO: [ app_begin ] --END-- [ RunTime:0.000000s ]
INFO: [ view_parse ] --START--
INFO: Run Behavior\ParseTemplateBehavior [ RunTime:0.000000s ]
INFO: [ view_parse ] --END-- [ RunTime:0.000000s ]
INFO: [ view_filter ] --START--
INFO: Run Behavior\WriteHtmlCacheBehavior [ RunTime:0.000000s ]
INFO: [ view_filter ] --END-- [ RunTime:0.000000s ]
INFO: [ app_end ] --START--
INFO: Run Behavior\ShowPageTraceBehavior [ RunTime:0.015600s ]
INFO: [ app_end ] --END-- [ RunTime:0.015600s ]

[ 2016-06-13T11:21:18+08:00 ] 127.0.0.1 /mytkp/index.php/Home/Index/index/name/aaa/pwd/1112222222
INFO: [ app_init ] --START--
INFO: Run Behavior\BuildLiteBehavior [ RunTime:0.000000s ]
INFO: [ app_init ] --END-- [ RunTime:0.015600s ]
INFO: [ app_begin ] --START--
INFO: Run Behavior\ReadHtmlCacheBehavior [ RunTime:0.000000s ]
INFO: [ app_begin ] --END-- [ RunTime:0.000000s ]
INFO: [ view_parse ] --START--
INFO: Run Behavior\ParseTemplateBehavior [ RunTime:0.000000s ]
INFO: [ view_parse ] --END-- [ RunTime:0.000000s ]
INFO: [ view_filter ] --START--
INFO: Run Behavior\WriteHtmlCacheBehavior [ RunTime:0.000000s ]
INFO: [ view_filter ] --END-- [ RunTime:0.000000s ]
INFO: [ app_end ] --START--
INFO: Run Behavior\ShowPageTraceBehavior [ RunTime:0.000000s ]
INFO: [ app_end ] --END-- [ RunTime:0.015600s ]

[ 2016-06-13T11:21:26+08:00 ] 127.0.0.1 /mytkp/index.php/Home/Index/index/name/aaa/pwd/1112222222
INFO: [ app_init ] --START--
INFO: Run Behavior\BuildLiteBehavior [ RunTime:0.000000s ]
INFO: [ app_init ] --END-- [ RunTime:0.000000s ]
INFO: [ app_begin ] --START--
INFO: Run Behavior\ReadHtmlCacheBehavior [ RunTime:0.000000s ]
INFO: [ app_begin ] --END-- [ RunTime:0.000000s ]
INFO: [ view_parse ] --START--
INFO: Run Behavior\ParseTemplateBehavior [ RunTime:0.000000s ]
INFO: [ view_parse ] --END-- [ RunTime:0.000000s ]
INFO: [ view_filter ] --START--
INFO: Run Behavior\WriteHtmlCacheBehavior [ RunTime:0.000000s ]
INFO: [ view_filter ] --END-- [ RunTime:0.000000s ]
INFO: [ app_end ] --START--
INFO: Run Behavior\ShowPageTraceBehavior [ RunTime:0.000000s ]
INFO: [ app_end ] --END-- [ RunTime:0.000000s ]

[ 2016-06-13T11:22:19+08:00 ] 127.0.0.1 /mytkp/Home/Index/index/name/aaa/pwd/1112222222
INFO: [ app_init ] --START--
INFO: Run Behavior\BuildLiteBehavior [ RunTime:0.000000s ]
INFO: [ app_init ] --END-- [ RunTime:0.000000s ]
INFO: [ app_begin ] --START--
INFO: Run Behavior\ReadHtmlCacheBehavior [ RunTime:0.000000s ]
INFO: [ app_begin ] --END-- [ RunTime:0.000000s ]
INFO: [ view_parse ] --START--
INFO: Run Behavior\ParseTemplateBehavior [ RunTime:0.000000s ]
INFO: [ view_parse ] --END-- [ RunTime:0.000000s ]
INFO: [ view_filter ] --START--
INFO: Run Behavior\WriteHtmlCacheBehavior [ RunTime:0.000000s ]
INFO: [ view_filter ] --END-- [ RunTime:0.000000s ]
INFO: [ app_end ] --START--
INFO: Run Behavior\ShowPageTraceBehavior [ RunTime:0.000000s ]
INFO: [ app_end ] --END-- [ RunTime:0.000000s ]

[ 2016-06-13T11:22:43+08:00 ] 127.0.0.1 /mytkp/Home/Index/index?name=aaa/pwd=1112222222
INFO: [ app_init ] --START--
INFO: Run Behavior\BuildLiteBehavior [ RunTime:0.000000s ]
INFO: [ app_init ] --END-- [ RunTime:0.000000s ]
INFO: [ app_begin ] --START--
INFO: Run Behavior\ReadHtmlCacheBehavior [ RunTime:0.000000s ]
INFO: [ app_begin ] --END-- [ RunTime:0.000000s ]
NOTIC: [8] Undefined index: pwd D:\PHP-webapp\mytkp\Application\Home\Controller\IndexController.class.php ç¬¬ 6 è¡Œ.
INFO: [ view_parse ] --START--
INFO: Run Behavior\ParseTemplateBehavior [ RunTime:0.015600s ]
INFO: [ view_parse ] --END-- [ RunTime:0.015600s ]
INFO: [ view_filter ] --START--
INFO: Run Behavior\WriteHtmlCacheBehavior [ RunTime:0.000000s ]
INFO: [ view_filter ] --END-- [ RunTime:0.000000s ]
INFO: [ app_end ] --START--
INFO: Run Behavior\ShowPageTraceBehavior [ RunTime:0.000000s ]
INFO: [ app_end ] --END-- [ RunTime:0.000000s ]

[ 2016-06-13T11:22:56+08:00 ] 127.0.0.1 /mytkp/Home/Index/index?name=aaa&pwd=1112222222
INFO: [ app_init ] --START--
INFO: Run Behavior\BuildLiteBehavior [ RunTime:0.000000s ]
INFO: [ app_init ] --END-- [ RunTime:0.000000s ]
INFO: [ app_begin ] --START--
INFO: Run Behavior\ReadHtmlCacheBehavior [ RunTime:0.000000s ]
INFO: [ app_begin ] --END-- [ RunTime:0.000000s ]
INFO: [ view_parse ] --START--
INFO: Run Behavior\ParseTemplateBehavior [ RunTime:0.000000s ]
INFO: [ view_parse ] --END-- [ RunTime:0.000000s ]
INFO: [ view_filter ] --START--
INFO: Run Behavior\WriteHtmlCacheBehavior [ RunTime:0.000000s ]
INFO: [ view_filter ] --END-- [ RunTime:0.000000s ]
INFO: [ app_end ] --START--
INFO: Run Behavior\ShowPageTraceBehavior [ RunTime:0.015600s ]
INFO: [ app_end ] --END-- [ RunTime:0.015600s ]

[ 2016-06-13T11:27:51+08:00 ] 127.0.0.1 /mytkp/Home/Index/index?s=/home/index/index/name/aaa
INFO: [ app_init ] --START--
INFO: Run Behavior\BuildLiteBehavior [ RunTime:0.000000s ]
INFO: [ app_init ] --END-- [ RunTime:0.000000s ]
INFO: [ app_begin ] --START--
INFO: Run Behavior\ReadHtmlCacheBehavior [ RunTime:0.000000s ]
INFO: [ app_begin ] --END-- [ RunTime:0.000000s ]
NOTIC: [8] Undefined index: pwd D:\PHP-webapp\mytkp\Application\Home\Controller\IndexController.class.php ç¬¬ 6 è¡Œ.
INFO: [ view_parse ] --START--
INFO: Run Behavior\ParseTemplateBehavior [ RunTime:0.000000s ]
INFO: [ view_parse ] --END-- [ RunTime:0.000000s ]
INFO: [ view_filter ] --START--
INFO: Run Behavior\WriteHtmlCacheBehavior [ RunTime:0.000000s ]
INFO: [ view_filter ] --END-- [ RunTime:0.000000s ]
INFO: [ app_end ] --START--
INFO: Run Behavior\ShowPageTraceBehavior [ RunTime:0.000000s ]
INFO: [ app_end ] --END-- [ RunTime:0.000000s ]

[ 2016-06-13T11:28:07+08:00 ] 127.0.0.1 /mytkp/Home/Index/index?s=/home/index/index/name/aaa/pwd/123
INFO: [ app_init ] --START--
INFO: Run Behavior\BuildLiteBehavior [ RunTime:0.000000s ]
INFO: [ app_init ] --END-- [ RunTime:0.000000s ]
INFO: [ app_begin ] --START--
INFO: Run Behavior\ReadHtmlCacheBehavior [ RunTime:0.000000s ]
INFO: [ app_begin ] --END-- [ RunTime:0.000000s ]
INFO: [ view_parse ] --START--
INFO: Run Behavior\ParseTemplateBehavior [ RunTime:0.000000s ]
INFO: [ view_parse ] --END-- [ RunTime:0.015600s ]
INFO: [ view_filter ] --START--
INFO: Run Behavior\WriteHtmlCacheBehavior [ RunTime:0.000000s ]
INFO: [ view_filter ] --END-- [ RunTime:0.000000s ]
INFO: [ app_end ] --START--
INFO: Run Behavior\ShowPageTraceBehavior [ RunTime:0.000000s ]
INFO: [ app_end ] --END-- [ RunTime:0.000000s ]

[ 2016-06-13T11:28:38+08:00 ] 127.0.0.1 /mytkp/?s=/home/index/index/name/aaa/pwd/123
INFO: [ app_init ] --START--
INFO: Run Behavior\BuildLiteBehavior [ RunTime:0.015600s ]
INFO: [ app_init ] --END-- [ RunTime:0.015600s ]
INFO: [ app_begin ] --START--
INFO: Run Behavior\ReadHtmlCacheBehavior [ RunTime:0.000000s ]
INFO: [ app_begin ] --END-- [ RunTime:0.015600s ]
INFO: [ view_parse ] --START--
INFO: Run Behavior\ParseTemplateBehavior [ RunTime:0.000000s ]
INFO: [ view_parse ] --END-- [ RunTime:0.000000s ]
INFO: [ view_filter ] --START--
INFO: Run Behavior\WriteHtmlCacheBehavior [ RunTime:0.000000s ]
INFO: [ view_filter ] --END-- [ RunTime:0.015600s ]
INFO: [ app_end ] --START--
INFO: Run Behavior\ShowPageTraceBehavior [ RunTime:0.000000s ]
INFO: [ app_end ] --END-- [ RunTime:0.000000s ]

[ 2016-06-13T11:30:48+08:00 ] 127.0.0.1 /mytkp/?s=/home/index/index/name/aaa/pwd/123
INFO: [ app_init ] --START--
INFO: Run Behavior\BuildLiteBehavior [ RunTime:0.000000s ]
INFO: [ app_init ] --END-- [ RunTime:0.000000s ]
INFO: [ app_begin ] --START--
INFO: Run Behavior\ReadHtmlCacheBehavior [ RunTime:0.000000s ]
INFO: [ app_begin ] --END-- [ RunTime:0.000000s ]
INFO: [ view_parse ] --START--
INFO: Run Behavior\ParseTemplateBehavior [ RunTime:0.000000s ]
INFO: [ view_parse ] --END-- [ RunTime:0.015600s ]
INFO: [ view_filter ] --START--
INFO: Run Behavior\WriteHtmlCacheBehavior [ RunTime:0.000000s ]
INFO: [ view_filter ] --END-- [ RunTime:0.000000s ]
INFO: [ app_end ] --START--
INFO: Run Behavior\ShowPageTraceBehavior [ RunTime:0.000000s ]
INFO: [ app_end ] --END-- [ RunTime:0.000000s ]

[ 2016-06-13T11:31:10+08:00 ] 127.0.0.1 /mytkp/?s=/home/index/index/name/aaa/pwd/123
INFO: [ app_init ] --START--
INFO: Run Behavior\BuildLiteBehavior [ RunTime:0.000000s ]
INFO: [ app_init ] --END-- [ RunTime:0.000000s ]
INFO: [ app_begin ] --START--
INFO: Run Behavior\ReadHtmlCacheBehavior [ RunTime:0.000000s ]
INFO: [ app_begin ] --END-- [ RunTime:0.000000s ]
INFO: [ view_parse ] --START--
INFO: Run Behavior\ParseTemplateBehavior [ RunTime:0.000000s ]
INFO: [ view_parse ] --END-- [ RunTime:0.000000s ]
INFO: [ view_filter ] --START--
INFO: Run Behavior\WriteHtmlCacheBehavior [ RunTime:0.000000s ]
INFO: [ view_filter ] --END-- [ RunTime:0.000000s ]
INFO: [ app_end ] --START--
INFO: Run Behavior\ShowPageTraceBehavior [ RunTime:0.000000s ]
INFO: [ app_end ] --END-- [ RunTime:0.000000s ]

[ 2016-06-13T11:31:16+08:00 ] 127.0.0.1 /mytkp/?s=/home/index/index/name/aaa/pwd/123
INFO: [ app_init ] --START--
INFO: Run Behavior\BuildLiteBehavior [ RunTime:0.000000s ]
INFO: [ app_init ] --END-- [ RunTime:0.000000s ]
INFO: [ app_begin ] --START--
INFO: Run Behavior\ReadHtmlCacheBehavior [ RunTime:0.000000s ]
INFO: [ app_begin ] --END-- [ RunTime:0.000000s ]
INFO: [ view_parse ] --START--
INFO: Run Behavior\ParseTemplateBehavior [ RunTime:0.000000s ]
INFO: [ view_parse ] --END-- [ RunTime:0.000000s ]
INFO: [ view_filter ] --START--
INFO: Run Behavior\WriteHtmlCacheBehavior [ RunTime:0.000000s ]
INFO: [ view_filter ] --END-- [ RunTime:0.000000s ]
INFO: [ app_end ] --START--
INFO: Run Behavior\ShowPageTraceBehavior [ RunTime:0.000000s ]
INFO: [ app_end ] --END-- [ RunTime:0.000000s ]

[ 2016-06-13T11:32:34+08:00 ] 127.0.0.1 /mytkp/index.php/home/index/index/name/aaa/pwd/111
INFO: [ app_init ] --START--
INFO: Run Behavior\BuildLiteBehavior [ RunTime:0.000000s ]
INFO: [ app_init ] --END-- [ RunTime:0.015600s ]
INFO: [ app_begin ] --START--
INFO: Run Behavior\ReadHtmlCacheBehavior [ RunTime:0.000000s ]
INFO: [ app_begin ] --END-- [ RunTime:0.000000s ]
INFO: [ view_parse ] --START--
INFO: Run Behavior\ParseTemplateBehavior [ RunTime:0.000000s ]
INFO: [ view_parse ] --END-- [ RunTime:0.000000s ]
INFO: [ view_filter ] --START--
INFO: Run Behavior\WriteHtmlCacheBehavior [ RunTime:0.000000s ]
INFO: [ view_filter ] --END-- [ RunTime:0.000000s ]
INFO: [ app_end ] --START--
INFO: Run Behavior\ShowPageTraceBehavior [ RunTime:0.015600s ]
INFO: [ app_end ] --END-- [ RunTime:0.015600s ]

[ 2016-06-13T11:33:01+08:00 ] 127.0.0.1 /mytkp/?s=/home/index/index/name/aaa
INFO: [ app_init ] --START--
INFO: Run Behavior\BuildLiteBehavior [ RunTime:0.000000s ]
INFO: [ app_init ] --END-- [ RunTime:0.000000s ]
INFO: [ app_begin ] --START--
INFO: Run Behavior\ReadHtmlCacheBehavior [ RunTime:0.000000s ]
INFO: [ app_begin ] --END-- [ RunTime:0.000000s ]
NOTIC: [8] Undefined index: pwd D:\PHP-webapp\mytkp\Application\Home\Controller\IndexController.class.php ç¬¬ 6 è¡Œ.
INFO: [ view_parse ] --START--
INFO: Run Behavior\ParseTemplateBehavior [ RunTime:0.015600s ]
INFO: [ view_parse ] --END-- [ RunTime:0.015600s ]
INFO: [ view_filter ] --START--
INFO: Run Behavior\WriteHtmlCacheBehavior [ RunTime:0.000000s ]
INFO: [ view_filter ] --END-- [ RunTime:0.000000s ]
INFO: [ app_end ] --START--
INFO: Run Behavior\ShowPageTraceBehavior [ RunTime:0.000000s ]
INFO: [ app_end ] --END-- [ RunTime:0.000000s ]

[ 2016-06-13T11:33:11+08:00 ] 127.0.0.1 /mytkp/?s=/home/index/index/name/aaa/pwd/123
INFO: [ app_init ] --START--
INFO: Run Behavior\BuildLiteBehavior [ RunTime:0.000000s ]
INFO: [ app_init ] --END-- [ RunTime:0.000000s ]
INFO: [ app_begin ] --START--
INFO: Run Behavior\ReadHtmlCacheBehavior [ RunTime:0.000000s ]
INFO: [ app_begin ] --END-- [ RunTime:0.000000s ]
INFO: [ view_parse ] --START--
INFO: Run Behavior\ParseTemplateBehavior [ RunTime:0.000000s ]
INFO: [ view_parse ] --END-- [ RunTime:0.015600s ]
INFO: [ view_filter ] --START--
INFO: Run Behavior\WriteHtmlCacheBehavior [ RunTime:0.000000s ]
INFO: [ view_filter ] --END-- [ RunTime:0.015600s ]
INFO: [ app_end ] --START--
INFO: Run Behavior\ShowPageTraceBehavior [ RunTime:0.000000s ]
INFO: [ app_end ] --END-- [ RunTime:0.000000s ]

[ 2016-06-13T11:33:22+08:00 ] 127.0.0.1 /mytkp/?s=/home/index/index/name/aaa/pwd/123
INFO: [ app_init ] --START--
INFO: Run Behavior\BuildLiteBehavior [ RunTime:0.000000s ]
INFO: [ app_init ] --END-- [ RunTime:0.000000s ]
INFO: [ app_begin ] --START--
INFO: Run Behavior\ReadHtmlCacheBehavior [ RunTime:0.000000s ]
INFO: [ app_begin ] --END-- [ RunTime:0.000000s ]
INFO: [ view_parse ] --START--
INFO: Run Behavior\ParseTemplateBehavior [ RunTime:0.000000s ]
INFO: [ view_parse ] --END-- [ RunTime:0.000000s ]
INFO: [ view_filter ] --START--
INFO: Run Behavior\WriteHtmlCacheBehavior [ RunTime:0.000000s ]
INFO: [ view_filter ] --END-- [ RunTime:0.000000s ]
INFO: [ app_end ] --START--
INFO: Run Behavior\ShowPageTraceBehavior [ RunTime:0.000000s ]
INFO: [ app_end ] --END-- [ RunTime:0.015601s ]

[ 2016-06-13T11:35:54+08:00 ] 127.0.0.1 /mytkp/index.php/home/index/index/name/aaa/pwd/123
INFO: [ app_init ] --START--
INFO: Run Behavior\BuildLiteBehavior [ RunTime:0.000000s ]
INFO: [ app_init ] --END-- [ RunTime:0.000000s ]
INFO: [ app_begin ] --START--
INFO: Run Behavior\ReadHtmlCacheBehavior [ RunTime:0.000000s ]
INFO: [ app_begin ] --END-- [ RunTime:0.000000s ]
INFO: [ view_parse ] --START--
INFO: Run Behavior\ParseTemplateBehavior [ RunTime:0.000000s ]
INFO: [ view_parse ] --END-- [ RunTime:0.000000s ]
INFO: [ view_filter ] --START--
INFO: Run Behavior\WriteHtmlCacheBehavior [ RunTime:0.000000s ]
INFO: [ view_filter ] --END-- [ RunTime:0.000000s ]
INFO: [ app_end ] --START--
INFO: Run Behavior\ShowPageTraceBehavior [ RunTime:0.000000s ]
INFO: [ app_end ] --END-- [ RunTime:0.015600s ]

[ 2016-06-13T11:38:06+08:00 ] 127.0.0.1 /mytkp/index.php?m=Home&c=index&a=index&var=value
INFO: [ app_init ] --START--
INFO: Run Behavior\BuildLiteBehavior [ RunTime:0.000000s ]
INFO: [ app_init ] --END-- [ RunTime:0.003000s ]
INFO: [ app_begin ] --START--
INFO: Run Behavior\ReadHtmlCacheBehavior [ RunTime:0.009000s ]
INFO: [ app_begin ] --END-- [ RunTime:0.010001s ]
NOTIC: [8] Undefined index: name D:\PHP-webapp\mytkp\Application\Home\Controller\IndexController.class.php ç¬¬ 6 è¡Œ.
NOTIC: [8] Undefined index: pwd D:\PHP-webapp\mytkp\Application\Home\Controller\IndexController.class.php ç¬¬ 6 è¡Œ.
INFO: [ view_parse ] --START--
INFO: Run Behavior\ParseTemplateBehavior [ RunTime:0.003000s ]
INFO: [ view_parse ] --END-- [ RunTime:0.006000s ]
INFO: [ view_filter ] --START--
INFO: Run Behavior\WriteHtmlCacheBehavior [ RunTime:0.002000s ]
INFO: [ view_filter ] --END-- [ RunTime:0.004000s ]
INFO: [ app_end ] --START--
INFO: Run Behavior\ShowPageTraceBehavior [ RunTime:0.004000s ]
INFO: [ app_end ] --END-- [ RunTime:0.005000s ]

[ 2016-06-13T11:38:35+08:00 ] 127.0.0.1 /mytkp/index.php/home/index/index?name=aaa&pwd=111
INFO: [ app_init ] --START--
INFO: Run Behavior\BuildLiteBehavior [ RunTime:0.000000s ]
INFO: [ app_init ] --END-- [ RunTime:0.003001s ]
INFO: [ app_begin ] --START--
INFO: Run Behavior\ReadHtmlCacheBehavior [ RunTime:0.001000s ]
INFO: [ app_begin ] --END-- [ RunTime:0.003000s ]
INFO: [ view_parse ] --START--
INFO: Run Behavior\ParseTemplateBehavior [ RunTime:0.002001s ]
INFO: [ view_parse ] --END-- [ RunTime:0.004001s ]
INFO: [ view_filter ] --START--
INFO: Run Behavior\WriteHtmlCacheBehavior [ RunTime:0.002000s ]
INFO: [ view_filter ] --END-- [ RunTime:0.006000s ]
INFO: [ app_end ] --START--
INFO: Run Behavior\ShowPageTraceBehavior [ RunTime:0.002000s ]
INFO: [ app_end ] --END-- [ RunTime:0.003000s ]

[ 2016-06-13T11:38:58+08:00 ] 127.0.0.1 /mytkp/index.php/home/index/index?name=aaa&pwd=111
INFO: [ app_init ] --START--
INFO: Run Behavior\BuildLiteBehavior [ RunTime:0.001000s ]
INFO: [ app_init ] --END-- [ RunTime:0.004000s ]
INFO: [ app_begin ] --START--
INFO: Run Behavior\ReadHtmlCacheBehavior [ RunTime:0.004000s ]
INFO: [ app_begin ] --END-- [ RunTime:0.006000s ]
INFO: [ view_parse ] --START--
INFO: Run Behavior\ParseTemplateBehavior [ RunTime:0.002000s ]
INFO: [ view_parse ] --END-- [ RunTime:0.006001s ]
INFO: [ view_filter ] --START--
INFO: Run Behavior\WriteHtmlCacheBehavior [ RunTime:0.001000s ]
INFO: [ view_filter ] --END-- [ RunTime:0.004000s ]
INFO: [ app_end ] --START--
INFO: Run Behavior\ShowPageTraceBehavior [ RunTime:0.002000s ]
INFO: [ app_end ] --END-- [ RunTime:0.003000s ]

[ 2016-06-13T11:39:27+08:00 ] 127.0.0.1 /mytkp/index.php?s=/home/index/index/name/aaa
INFO: [ app_init ] --START--
INFO: Run Behavior\BuildLiteBehavior [ RunTime:0.001000s ]
INFO: [ app_init ] --END-- [ RunTime:0.003000s ]
INFO: [ app_begin ] --START--
INFO: Run Behavior\ReadHtmlCacheBehavior [ RunTime:0.002000s ]
INFO: [ app_begin ] --END-- [ RunTime:0.006000s ]
NOTIC: [8] Undefined index: pwd D:\PHP-webapp\mytkp\Application\Home\Controller\IndexController.class.php ç¬¬ 6 è¡Œ.
INFO: [ view_parse ] --START--
INFO: Run Behavior\ParseTemplateBehavior [ RunTime:0.003000s ]
INFO: [ view_parse ] --END-- [ RunTime:0.005000s ]
INFO: [ view_filter ] --START--
INFO: Run Behavior\WriteHtmlCacheBehavior [ RunTime:0.004000s ]
INFO: [ view_filter ] --END-- [ RunTime:0.007000s ]
INFO: [ app_end ] --START--
INFO: Run Behavior\ShowPageTraceBehavior [ RunTime:0.001000s ]
INFO: [ app_end ] --END-- [ RunTime:0.003000s ]

[ 2016-06-13T11:39:38+08:00 ] 127.0.0.1 /mytkp/index.php?s=/home/index/index/name/aaa/pwd/123
INFO: [ app_init ] --START--
INFO: Run Behavior\BuildLiteBehavior [ RunTime:0.001000s ]
INFO: [ app_init ] --END-- [ RunTime:0.003000s ]
INFO: [ app_begin ] --START--
INFO: Run Behavior\ReadHtmlCacheBehavior [ RunTime:0.001000s ]
INFO: [ app_begin ] --END-- [ RunTime:0.003000s ]
INFO: [ view_parse ] --START--
INFO: Run Behavior\ParseTemplateBehavior [ RunTime:0.003000s ]
INFO: [ view_parse ] --END-- [ RunTime:0.004000s ]
INFO: [ view_filter ] --START--
INFO: Run Behavior\WriteHtmlCacheBehavior [ RunTime:0.009000s ]
INFO: [ view_filter ] --END-- [ RunTime:0.011001s ]
INFO: [ app_end ] --START--
INFO: Run Behavior\ShowPageTraceBehavior [ RunTime:0.001000s ]
INFO: [ app_end ] --END-- [ RunTime:0.003000s ]

[ 2016-06-13T11:42:35+08:00 ] 127.0.0.1 /mytkp/index.php/home/index/index/name/aaa/pwd/123
INFO: [ app_init ] --START--
INFO: Run Behavior\BuildLiteBehavior [ RunTime:0.000000s ]
INFO: [ app_init ] --END-- [ RunTime:0.015600s ]
INFO: [ app_begin ] --START--
INFO: Run Behavior\ReadHtmlCacheBehavior [ RunTime:0.000000s ]
INFO: [ app_begin ] --END-- [ RunTime:0.000000s ]
INFO: [ view_parse ] --START--
INFO: Run Behavior\ParseTemplateBehavior [ RunTime:0.015600s ]
INFO: [ view_parse ] --END-- [ RunTime:0.015600s ]
INFO: [ view_filter ] --START--
INFO: Run Behavior\WriteHtmlCacheBehavior [ RunTime:0.000000s ]
INFO: [ view_filter ] --END-- [ RunTime:0.000000s ]
INFO: [ app_end ] --START--
INFO: Run Behavior\ShowPageTraceBehavior [ RunTime:0.000000s ]
INFO: [ app_end ] --END-- [ RunTime:0.000000s ]

[ 2016-06-13T11:43:25+08:00 ] 127.0.0.1 /mytkp/index.php/Home/User/login
INFO: [ app_init ] --START--
INFO: Run Behavior\BuildLiteBehavior [ RunTime:0.000000s ]
INFO: [ app_init ] --END-- [ RunTime:0.000000s ]
INFO: [ app_begin ] --START--
INFO: Run Behavior\ReadHtmlCacheBehavior [ RunTime:0.000000s ]
INFO: [ app_begin ] --END-- [ RunTime:0.000000s ]
INFO: [ app_end ] --START--
INFO: Run Behavior\ShowPageTraceBehavior [ RunTime:0.000000s ]
INFO: [ app_end ] --END-- [ RunTime:0.015600s ]

[ 2016-06-13T11:43:47+08:00 ] 127.0.0.1 /mytkp/index.php/Home/User/login
INFO: [ app_init ] --START--
INFO: Run Behavior\BuildLiteBehavior [ RunTime:0.000000s ]
INFO: [ app_init ] --END-- [ RunTime:0.000000s ]
INFO: [ app_begin ] --START--
INFO: Run Behavior\ReadHtmlCacheBehavior [ RunTime:0.000000s ]
INFO: [ app_begin ] --END-- [ RunTime:0.000000s ]
ERR: SQLSTATE[HY000] [2002] ÓÉÓÚÄ¿±ê¼ÆËã»ú»ý¼«¾Ü¾ø£¬ÎÞ·¨Á¬½Ó¡£

NOTIC: [2] Cannot modify header information - headers already sent by (output started at D:\PHP-webapp\mytkp\Application\Home\util\DButil.class.php:18) D:\PHP-webapp\mytkp\ThinkPHP\Library\Think\Think.class.php ç¬¬ 229 è¡Œ.
NOTIC: [2] Cannot modify header information - headers already sent by (output started at D:\PHP-webapp\mytkp\Application\Home\util\DButil.class.php:18) D:\PHP-webapp\mytkp\ThinkPHP\Library\Think\Think.class.php ç¬¬ 230 è¡Œ.

[ 2016-06-13T11:51:16+08:00 ] 127.0.0.1 /mytkp/index.php/Home/User/login
INFO: [ app_init ] --START--
INFO: Run Behavior\BuildLiteBehavior [ RunTime:0.000000s ]
INFO: [ app_init ] --END-- [ RunTime:0.000000s ]
INFO: [ app_begin ] --START--
INFO: Run Behavior\ReadHtmlCacheBehavior [ RunTime:0.000000s ]
INFO: [ app_begin ] --END-- [ RunTime:0.000000s ]
INFO: [ app_end ] --START--
INFO: Run Behavior\ShowPageTraceBehavior [ RunTime:0.000000s ]
INFO: [ app_end ] --END-- [ RunTime:0.015600s ]

[ 2016-06-13T14:19:49+08:00 ] 127.0.0.1 /mytkp/index.php?path=/home-index-index-name-aaa
INFO: [ app_init ] --START--
INFO: Run Behavior\BuildLiteBehavior [ RunTime:0.001000s ]
INFO: [ app_init ] --END-- [ RunTime:0.004000s ]
INFO: [ app_begin ] --START--
INFO: Run Behavior\ReadHtmlCacheBehavior [ RunTime:0.003000s ]
INFO: [ app_begin ] --END-- [ RunTime:0.005000s ]
NOTIC: [8] Undefined index: name D:\PHP-webapp\mytkp\Application\Home\Controller\IndexController.class.php ç¬¬ 6 è¡Œ.
NOTIC: [8] Undefined index: pwd D:\PHP-webapp\mytkp\Application\Home\Controller\IndexController.class.php ç¬¬ 6 è¡Œ.
INFO: [ view_parse ] --START--
INFO: Run Behavior\ParseTemplateBehavior [ RunTime:0.003000s ]
INFO: [ view_parse ] --END-- [ RunTime:0.005000s ]
INFO: [ view_filter ] --START--
INFO: Run Behavior\WriteHtmlCacheBehavior [ RunTime:0.001000s ]
INFO: [ view_filter ] --END-- [ RunTime:0.003000s ]
INFO: [ app_end ] --START--
INFO: Run Behavior\ShowPageTraceBehavior [ RunTime:0.001000s ]
INFO: [ app_end ] --END-- [ RunTime:0.003001s ]

[ 2016-06-13T14:20:10+08:00 ] 127.0.0.1 /mytkp/index.php/home/index/index/name/aaa/pwd/111
INFO: [ app_init ] --START--
INFO: Run Behavior\BuildLiteBehavior [ RunTime:0.000000s ]
INFO: [ app_init ] --END-- [ RunTime:0.002000s ]
INFO: [ app_begin ] --START--
INFO: Run Behavior\ReadHtmlCacheBehavior [ RunTime:0.001000s ]
INFO: [ app_begin ] --END-- [ RunTime:0.004000s ]
INFO: [ view_parse ] --START--
INFO: Run Behavior\ParseTemplateBehavior [ RunTime:0.002001s ]
INFO: [ view_parse ] --END-- [ RunTime:0.004001s ]
INFO: [ view_filter ] --START--
INFO: Run Behavior\WriteHtmlCacheBehavior [ RunTime:0.001000s ]
INFO: [ view_filter ] --END-- [ RunTime:0.003000s ]
INFO: [ app_end ] --START--
INFO: Run Behavior\ShowPageTraceBehavior [ RunTime:0.002000s ]
INFO: [ app_end ] --END-- [ RunTime:0.004000s ]

[ 2016-06-13T14:24:56+08:00 ] 127.0.0.1 /mytkp/index.php/ttt
INFO: [ app_init ] --START--
INFO: Run Behavior\BuildLiteBehavior [ RunTime:0.000000s ]
INFO: [ app_init ] --END-- [ RunTime:0.000000s ]
INFO: [ app_begin ] --START--
INFO: Run Behavior\ReadHtmlCacheBehavior [ RunTime:0.000000s ]
INFO: [ app_begin ] --END-- [ RunTime:0.000000s ]
NOTIC: [8] Undefined index: name D:\PHP-webapp\mytkp\Application\Home\Controller\IndexController.class.php ç¬¬ 6 è¡Œ.
NOTIC: [8] Undefined index: pwd D:\PHP-webapp\mytkp\Application\Home\Controller\IndexController.class.php ç¬¬ 6 è¡Œ.
INFO: [ view_parse ] --START--
INFO: Run Behavior\ParseTemplateBehavior [ RunTime:0.000000s ]
INFO: [ view_parse ] --END-- [ RunTime:0.000000s ]
INFO: [ view_filter ] --START--
INFO: Run Behavior\WriteHtmlCacheBehavior [ RunTime:0.000000s ]
INFO: [ view_filter ] --END-- [ RunTime:0.015600s ]
INFO: [ app_end ] --START--
INFO: Run Behavior\ShowPageTraceBehavior [ RunTime:0.000000s ]
INFO: [ app_end ] --END-- [ RunTime:0.000000s ]

[ 2016-06-13T14:25:03+08:00 ] 127.0.0.1 /mytkp/index.php/login
INFO: [ app_init ] --START--
INFO: Run Behavior\BuildLiteBehavior [ RunTime:0.000000s ]
INFO: [ app_init ] --END-- [ RunTime:0.000000s ]
INFO: [ app_begin ] --START--
INFO: Run Behavior\ReadHtmlCacheBehavior [ RunTime:0.000000s ]
INFO: [ app_begin ] --END-- [ RunTime:0.000000s ]
NOTIC: [8] Undefined index: userName D:\PHP-webapp\mytkp\Application\Home\Controller\UserController.class.php ç¬¬ 18 è¡Œ.
NOTIC: [8] Undefined index: userPass D:\PHP-webapp\mytkp\Application\Home\Controller\UserController.class.php ç¬¬ 19 è¡Œ.
INFO: [ app_end ] --START--
INFO: Run Behavior\ShowPageTraceBehavior [ RunTime:0.000000s ]
INFO: [ app_end ] --END-- [ RunTime:0.015600s ]

[ 2016-06-13T14:25:03+08:00 ] 127.0.0.1 /mytkp/index.php
INFO: [ app_init ] --START--
INFO: Run Behavior\BuildLiteBehavior [ RunTime:0.000000s ]
INFO: [ app_init ] --END-- [ RunTime:0.000000s ]
INFO: [ app_begin ] --START--
INFO: Run Behavior\ReadHtmlCacheBehavior [ RunTime:0.000000s ]
INFO: [ app_begin ] --END-- [ RunTime:0.000000s ]
NOTIC: [8] Undefined index: name D:\PHP-webapp\mytkp\Application\Home\Controller\IndexController.class.php ç¬¬ 6 è¡Œ.
NOTIC: [8] Undefined index: pwd D:\PHP-webapp\mytkp\Application\Home\Controller\IndexController.class.php ç¬¬ 6 è¡Œ.
INFO: [ view_parse ] --START--
INFO: Run Behavior\ParseTemplateBehavior [ RunTime:0.000000s ]
INFO: [ view_parse ] --END-- [ RunTime:0.015600s ]
INFO: [ view_filter ] --START--
INFO: Run Behavior\WriteHtmlCacheBehavior [ RunTime:0.000000s ]
INFO: [ view_filter ] --END-- [ RunTime:0.000000s ]
INFO: [ app_end ] --START--
INFO: Run Behavior\ShowPageTraceBehavior [ RunTime:0.000000s ]
INFO: [ app_end ] --END-- [ RunTime:0.000000s ]

[ 2016-06-13T14:25:32+08:00 ] 127.0.0.1 /mytkp/index.php/login
INFO: [ app_init ] --START--
INFO: Run Behavior\BuildLiteBehavior [ RunTime:0.001000s ]
INFO: [ app_init ] --END-- [ RunTime:0.003000s ]
INFO: [ app_begin ] --START--
INFO: Run Behavior\ReadHtmlCacheBehavior [ RunTime:0.002000s ]
INFO: [ app_begin ] --END-- [ RunTime:0.004000s ]
INFO: [ app_end ] --START--
INFO: Run Behavior\ShowPageTraceBehavior [ RunTime:0.006001s ]
INFO: [ app_end ] --END-- [ RunTime:0.011001s ]

[ 2016-06-13T14:28:06+08:00 ] 127.0.0.1 /mytkp/index.php
INFO: [ app_init ] --START--
INFO: Run Behavior\BuildLiteBehavior [ RunTime:0.000000s ]
INFO: [ app_init ] --END-- [ RunTime:0.003000s ]
INFO: [ app_begin ] --START--
INFO: Run Behavior\ReadHtmlCacheBehavior [ RunTime:0.002000s ]
INFO: [ app_begin ] --END-- [ RunTime:0.004000s ]
NOTIC: [8] Undefined index: name D:\PHP-webapp\mytkp\Application\Home\Controller\IndexController.class.php ç¬¬ 6 è¡Œ.
NOTIC: [8] Undefined index: pwd D:\PHP-webapp\mytkp\Application\Home\Controller\IndexController.class.php ç¬¬ 6 è¡Œ.
INFO: [ view_parse ] --START--
INFO: Run Behavior\ParseTemplateBehavior [ RunTime:0.003000s ]
INFO: [ view_parse ] --END-- [ RunTime:0.005000s ]
INFO: [ view_filter ] --START--
INFO: Run Behavior\WriteHtmlCacheBehavior [ RunTime:0.001000s ]
INFO: [ view_filter ] --END-- [ RunTime:0.003000s ]
INFO: [ app_end ] --START--
INFO: Run Behavior\ShowPageTraceBehavior [ RunTime:0.003000s ]
INFO: [ app_end ] --END-- [ RunTime:0.006001s ]

[ 2016-06-13T14:28:58+08:00 ] 127.0.0.1 /mytkp/index.php/ttt
INFO: [ app_init ] --START--
INFO: Run Behavior\BuildLiteBehavior [ RunTime:0.000000s ]
INFO: [ app_init ] --END-- [ RunTime:0.000000s ]
INFO: [ app_begin ] --START--
INFO: Run Behavior\ReadHtmlCacheBehavior [ RunTime:0.000000s ]
INFO: [ app_begin ] --END-- [ RunTime:0.015600s ]
NOTIC: [8] Undefined index: name D:\PHP-webapp\mytkp\Application\Home\Controller\IndexController.class.php ç¬¬ 6 è¡Œ.
NOTIC: [8] Undefined index: pwd D:\PHP-webapp\mytkp\Application\Home\Controller\IndexController.class.php ç¬¬ 6 è¡Œ.
INFO: [ view_parse ] --START--
INFO: Run Behavior\ParseTemplateBehavior [ RunTime:0.000000s ]
INFO: [ view_parse ] --END-- [ RunTime:0.000000s ]
INFO: [ view_filter ] --START--
INFO: Run Behavior\WriteHtmlCacheBehavior [ RunTime:0.000000s ]
INFO: [ view_filter ] --END-- [ RunTime:0.015600s ]
INFO: [ app_end ] --START--
INFO: Run Behavior\ShowPageTraceBehavior [ RunTime:0.000000s ]
INFO: [ app_end ] --END-- [ RunTime:0.000000s ]

[ 2016-06-13T14:30:18+08:00 ] 127.0.0.1 /mytkp/index.php/ttt
INFO: [ app_init ] --START--
INFO: Run Behavior\BuildLiteBehavior [ RunTime:0.000000s ]
INFO: [ app_init ] --END-- [ RunTime:0.000000s ]
INFO: [ app_begin ] --START--
INFO: Run Behavior\ReadHtmlCacheBehavior [ RunTime:0.000000s ]
INFO: [ app_begin ] --END-- [ RunTime:0.000000s ]
INFO: [ view_parse ] --START--
INFO: Run Behavior\ParseTemplateBehavior [ RunTime:0.000000s ]
INFO: [ view_parse ] --END-- [ RunTime:0.000000s ]
INFO: [ view_filter ] --START--
INFO: Run Behavior\WriteHtmlCacheBehavior [ RunTime:0.000000s ]
INFO: [ view_filter ] --END-- [ RunTime:0.000000s ]
INFO: [ app_end ] --START--
INFO: Run Behavior\ShowPageTraceBehavior [ RunTime:0.015600s ]
INFO: [ app_end ] --END-- [ RunTime:0.015600s ]

[ 2016-06-13T14:47:57+08:00 ] 127.0.0.1 /mytkp/index.php/ttt/aaa/123
INFO: [ app_init ] --START--
INFO: Run Behavior\BuildLiteBehavior [ RunTime:0.000000s ]
INFO: [ app_init ] --END-- [ RunTime:0.000000s ]
INFO: [ app_begin ] --START--
INFO: Run Behavior\ReadHtmlCacheBehavior [ RunTime:0.000000s ]
INFO: [ app_begin ] --END-- [ RunTime:0.000000s ]
INFO: [ view_parse ] --START--
INFO: Run Behavior\ParseTemplateBehavior [ RunTime:0.015600s ]
INFO: [ view_parse ] --END-- [ RunTime:0.015600s ]
INFO: [ view_filter ] --START--
INFO: Run Behavior\WriteHtmlCacheBehavior [ RunTime:0.000000s ]
INFO: [ view_filter ] --END-- [ RunTime:0.000000s ]
INFO: [ app_end ] --START--
INFO: Run Behavior\ShowPageTraceBehavior [ RunTime:0.000000s ]
INFO: [ app_end ] --END-- [ RunTime:0.015600s ]

[ 2016-06-13T15:06:46+08:00 ] 127.0.0.1 /mytkp/index.php/ttt/aaa/123
INFO: [ app_init ] --START--
INFO: Run Behavior\BuildLiteBehavior [ RunTime:0.000000s ]
INFO: [ app_init ] --END-- [ RunTime:0.003001s ]
INFO: [ app_begin ] --START--
INFO: Run Behavior\ReadHtmlCacheBehavior [ RunTime:0.002000s ]
INFO: [ app_begin ] --END-- [ RunTime:0.004000s ]
INFO: [ view_parse ] --START--
INFO: Run Behavior\ParseTemplateBehavior [ RunTime:0.003001s ]
INFO: [ view_parse ] --END-- [ RunTime:0.005001s ]
INFO: [ view_filter ] --START--
INFO: Run Behavior\WriteHtmlCacheBehavior [ RunTime:0.001000s ]
INFO: [ view_filter ] --END-- [ RunTime:0.003000s ]
INFO: [ app_end ] --START--
INFO: Run Behavior\ShowPageTraceBehavior [ RunTime:0.002000s ]
INFO: [ app_end ] --END-- [ RunTime:0.004000s ]

