[ 2016-06-16T14:06:18+08:00 ] 127.0.0.1 /mytkp/index.php/ttt
INFO: [ app_init ] --START--
INFO: Run Behavior\BuildLiteBehavior [ RunTime:0.000000s ]
INFO: [ app_init ] --END-- [ RunTime:0.000000s ]
ERR: 无法加载模块:Ttt

[ 2016-06-16T17:26:42+08:00 ] 127.0.0.1 /mytkp/index.php/aaa/2016.6/16
INFO: [ app_init ] --START--
INFO: Run Behavior\BuildLiteBehavior [ RunTime:0.001000s ]
INFO: [ app_init ] --END-- [ RunTime:0.004000s ]
ERR: 无法加载模块:Aaa

[ 2016-06-16T17:32:51+08:00 ] 127.0.0.1 /mytkp/index.php/mytkp/index.php/Home/Index/aaa.html.html
INFO: [ app_init ] --START--
INFO: Run Behavior\BuildLiteBehavior [ RunTime:0.000000s ]
INFO: [ app_init ] --END-- [ RunTime:0.000000s ]
ERR: 无法加载模块:Mytkp

[ 2016-06-16T17:33:48+08:00 ] 127.0.0.1 /mytkp/index.php/mytkp/index.php/Home/Index/aaa.html
INFO: [ app_init ] --START--
INFO: Run Behavior\BuildLiteBehavior [ RunTime:0.000000s ]
INFO: [ app_init ] --END-- [ RunTime:0.000000s ]
ERR: 无法加载模块:Mytkp

